2025-11-24 19:38:53,617 - INFO - Lecture des concepts : C:\Users\simon\PROJECTS\lyra_clean\data\topics.txt
2025-11-24 19:38:53,619 - INFO - Début de la vectorisation avec mxbai-embed-large...
2025-11-24 19:38:53,621 - INFO - 1728 nouveaux concepts à vectoriser
2025-11-24 20:41:04,406 - INFO - Cache sauvegardé : 1728 embeddings
2025-11-24 20:41:04,480 - INFO - Vectorisation terminée: 1728/1728 concepts (100.0%)
2025-11-24 20:41:04,481 - INFO - Début du tissage de l'hyper-espace...
2025-11-24 20:41:04,500 - INFO - Ancrage des concepts...
2025-11-24 20:41:04,506 - INFO - Calcul de la matrice de similarité...
2025-11-24 20:41:04,586 - INFO - Création des synapses...
2025-11-24 20:41:05,545 - INFO - Mise à jour des métriques des nœuds...
2025-11-24 20:41:05,656 - INFO - Tissage terminé avec succès!
2025-11-25 08:08:52,851 - INFO - Lecture des concepts : C:\Users\simon\PROJECTS\lyra_clean\data\topics.txt
2025-11-25 08:08:52,862 - INFO - Début de la vectorisation avec mxbai-embed-large...
2025-11-25 08:08:53,255 - INFO - Cache chargé : 1728 embeddings en mémoire
2025-11-25 08:08:53,256 - INFO - 0 nouveaux concepts à vectoriser
2025-11-25 08:08:54,486 - INFO - Cache sauvegardé : 1728 embeddings
2025-11-25 08:08:54,520 - INFO - Vectorisation terminée: 1728/1728 concepts (100.0%)
2025-11-25 08:08:54,521 - INFO - Début du tissage de l'hyper-espace...
2025-11-25 08:08:54,555 - INFO - Ancrage des concepts...
2025-11-25 08:08:54,559 - INFO - Calcul de la matrice de similarité cosinus...
2025-11-25 08:08:54,595 - INFO - Similarité: min=0.2018, max=1.0000
2025-11-25 08:08:54,597 - INFO - Création des synapses...
2025-11-25 08:08:54,954 - INFO - Mise à jour des métriques des nœuds...
2025-11-25 08:08:55,058 - INFO - Tissage terminé avec succès!
2025-11-25 08:27:12,511 - INFO - Lecture des concepts : C:\Users\simon\PROJECTS\lyra_clean\data\topics.txt
2025-11-25 08:27:12,513 - INFO - Début de la vectorisation avec mxbai-embed-large...
2025-11-25 08:27:12,895 - INFO - Cache chargé : 1728 embeddings en mémoire
2025-11-25 08:27:12,896 - INFO - 0 nouveaux concepts à vectoriser
2025-11-25 08:27:14,149 - INFO - Cache sauvegardé : 1728 embeddings
2025-11-25 08:27:14,183 - INFO - Vectorisation terminée: 1728/1728 concepts (100.0%)
2025-11-25 08:27:14,183 - INFO - Début du tissage de l'hyper-espace...
2025-11-25 08:27:14,206 - INFO - Ancrage des concepts...
2025-11-25 08:27:14,211 - INFO - Calcul de la matrice de similarité cosinus...
2025-11-25 08:27:14,242 - INFO - Similarité: min=0.2018, max=1.0000
2025-11-25 08:27:14,244 - INFO - Création des synapses...
2025-11-25 08:27:14,585 - INFO - Mise à jour des métriques des nœuds...
2025-11-25 08:27:14,604 - INFO - Tissage terminé avec succès!
2025-11-25 08:27:44,581 - INFO - Lecture des concepts : C:\Users\simon\PROJECTS\lyra_clean\data\topics.txt
2025-11-25 08:27:44,583 - INFO - Début de la vectorisation avec mxbai-embed-large...
2025-11-25 08:27:44,963 - INFO - Cache chargé : 1728 embeddings en mémoire
2025-11-25 08:27:44,965 - INFO - 0 nouveaux concepts à vectoriser
2025-11-25 08:27:46,196 - INFO - Cache sauvegardé : 1728 embeddings
2025-11-25 08:27:46,231 - INFO - Vectorisation terminée: 1728/1728 concepts (100.0%)
2025-11-25 08:27:46,237 - INFO - Début du tissage de l'hyper-espace...
2025-11-25 08:27:46,259 - INFO - Ancrage des concepts...
2025-11-25 08:27:46,264 - INFO - Calcul de la matrice de similarité cosinus...
2025-11-25 08:27:46,302 - INFO - Similarité: min=0.2018, max=1.0000
2025-11-25 08:27:46,304 - INFO - Création des synapses...
2025-11-25 08:27:46,657 - INFO - Mise à jour des métriques des nœuds...
2025-11-25 08:27:46,754 - INFO - Tissage terminé avec succès!
